[debug] [2020-01-15T14:45:55.970Z] ----------------------------------------------------------------------
[debug] [2020-01-15T14:45:55.974Z] Command:       C:\Program Files\nodejs\node.exe C:\Users\HP\AppData\Roaming\npm\node_modules\firebase-tools\lib\bin\firebase.js init
[debug] [2020-01-15T14:45:55.974Z] CLI Version:   7.11.0
[debug] [2020-01-15T14:45:55.974Z] Platform:      win32
[debug] [2020-01-15T14:45:55.974Z] Node Version:  v12.13.1
[debug] [2020-01-15T14:45:55.977Z] Time:          Wed Jan 15 2020 20:15:55 GMT+0530 (India Standard Time)
[debug] [2020-01-15T14:45:55.977Z] ----------------------------------------------------------------------
[debug] [2020-01-15T14:45:55.977Z] 
[debug] [2020-01-15T14:45:56.041Z] > command requires scopes: ["email","openid","https://www.googleapis.com/auth/cloudplatformprojects.readonly","https://www.googleapis.com/auth/firebase","https://www.googleapis.com/auth/cloud-platform"]
[debug] [2020-01-15T14:45:56.042Z] > authorizing via signed-in user
[info] 
     ######## #### ########  ######## ########     ###     ######  ########
     ##        ##  ##     ## ##       ##     ##  ##   ##  ##       ##
     ######    ##  ########  ######   ########  #########  ######  ######
     ##        ##  ##    ##  ##       ##     ## ##     ##       ## ##
     ##       #### ##     ## ######## ########  ##     ##  ######  ########

You're about to initialize a Firebase project in this directory:

  E:\starterProjects\splitsense\frontend

Before we get started, keep in mind:

  * You are initializing in an existing Firebase project directory

[info] 
=== Project Setup
[info] 
[info] First, let's associate this project directory with a Firebase project.
[info] You can create multiple project aliases by running firebase use --add, 
[info] but for now we'll just set up a default project.
[info] 
[info] i  .firebaserc already has a default project, using splitsense-app.
[debug] [2020-01-15T14:50:39.387Z] > refreshing access token with scopes: ["email","https://www.googleapis.com/auth/cloud-platform","https://www.googleapis.com/auth/cloudplatformprojects.readonly","https://www.googleapis.com/auth/firebase","openid"]
[debug] [2020-01-15T14:50:39.388Z] >>> HTTP REQUEST POST https://www.googleapis.com/oauth2/v3/token  
 <request body omitted>
[debug] [2020-01-15T14:50:39.652Z] <<< HTTP RESPONSE 200
[debug] [2020-01-15T14:50:39.685Z] >>> HTTP REQUEST GET https://firebase.googleapis.com/v1beta1/projects/splitsense-app  
 
[debug] [2020-01-15T14:50:40.113Z] <<< HTTP RESPONSE 200
[info] 
=== Hosting Setup
[info] 
[info] Your public directory is the folder (relative to your project directory) that
[info] will contain Hosting assets to be uploaded with firebase deploy. If you
[info] have a build process for your assets, use your build's output directory.
[info] 
